<?xml version="1.0" encoding="UTF-8"?>
<!-- Generated by org.testng.reporters.JUnitXMLReporter -->
<testsuite ignored="0" hostname="Aruns-MacBook-Air.local" failures="0" tests="4" name="Default test" time="34.165" errors="0" timestamp="2025-06-01T21:07:53 IST">
  <testcase classname="testNGPackage.TNG_10RandomAmazonScript" name="testSellLink" time="5.05"/>
  <testcase classname="testNGPackage.TNG_10RandomAmazonScript" name="testBestSellerLink" time="3.874"/>
  <testcase classname="testNGPackage.TNG_10RandomAmazonScript" name="testElectronicsLink" time="6.004"/>
  <testcase classname="testNGPackage.TNG_10RandomAmazonScript" name="testMobilesLink" time="12.428"/>
</testsuite> <!-- Default test -->
