<?xml version="1.0" encoding="UTF-8"?>
<testng-results ignored="0" total="4" passed="4" failed="0" skipped="0">
  <reporter-output>
  </reporter-output>
  <suite started-at="2025-06-01T21:07:19 IST" name="Default suite" finished-at="2025-06-01T21:07:53 IST" duration-ms="34165">
    <groups>
      <group name="Sell">
        <method signature="TNG_10RandomAmazonScript.testSellLink()[pri:1, instance:testNGPackage.TNG_10RandomAmazonScript@5158b42f]" name="testSellLink" class="testNGPackage.TNG_10RandomAmazonScript"/>
        <method signature="TNG_10RandomAmazonScript.testElectronicsLink()[pri:3, instance:testNGPackage.TNG_10RandomAmazonScript@5158b42f]" name="testElectronicsLink" class="testNGPackage.TNG_10RandomAmazonScript"/>
      </group> <!-- Sell -->
    </groups>
    <test started-at="2025-06-01T21:07:19 IST" name="Default test" finished-at="2025-06-01T21:07:53 IST" duration-ms="34165">
      <class name="testNGPackage.TNG_10RandomAmazonScript">
        <test-method is-config="true" signature="openBrowser()[pri:0, instance:testNGPackage.TNG_10RandomAmazonScript@5158b42f]" started-at="2025-06-01T21:07:19 IST" name="openBrowser" finished-at="2025-06-01T21:07:20 IST" duration-ms="1283" status="PASS">
          <reporter-output>
          </reporter-output>
        </test-method> <!-- openBrowser -->
        <test-method is-config="true" signature="openAmazon()[pri:0, instance:testNGPackage.TNG_10RandomAmazonScript@5158b42f]" started-at="2025-06-01T21:07:20 IST" name="openAmazon" finished-at="2025-06-01T21:07:20 IST" duration-ms="336" status="PASS">
          <reporter-output>
          </reporter-output>
        </test-method> <!-- openAmazon -->
        <test-method signature="testSellLink()[pri:1, instance:testNGPackage.TNG_10RandomAmazonScript@5158b42f]" started-at="2025-06-01T21:07:20 IST" name="testSellLink" finished-at="2025-06-01T21:07:26 IST" duration-ms="5050" status="PASS">
          <reporter-output>
          </reporter-output>
        </test-method> <!-- testSellLink -->
        <test-method is-config="true" signature="stopExecution()[pri:0, instance:testNGPackage.TNG_10RandomAmazonScript@5158b42f]" started-at="2025-06-01T21:07:26 IST" name="stopExecution" finished-at="2025-06-01T21:07:26 IST" duration-ms="1" status="PASS">
          <reporter-output>
          </reporter-output>
        </test-method> <!-- stopExecution -->
        <test-method is-config="true" signature="openAmazon()[pri:0, instance:testNGPackage.TNG_10RandomAmazonScript@5158b42f]" started-at="2025-06-01T21:07:26 IST" name="openAmazon" finished-at="2025-06-01T21:07:28 IST" duration-ms="2130" status="PASS">
          <reporter-output>
          </reporter-output>
        </test-method> <!-- openAmazon -->
        <test-method signature="testBestSellerLink()[pri:2, instance:testNGPackage.TNG_10RandomAmazonScript@5158b42f]" started-at="2025-06-01T21:07:28 IST" name="testBestSellerLink" finished-at="2025-06-01T21:07:32 IST" duration-ms="3874" status="PASS">
          <reporter-output>
          </reporter-output>
        </test-method> <!-- testBestSellerLink -->
        <test-method is-config="true" signature="stopExecution()[pri:0, instance:testNGPackage.TNG_10RandomAmazonScript@5158b42f]" started-at="2025-06-01T21:07:32 IST" name="stopExecution" finished-at="2025-06-01T21:07:32 IST" duration-ms="0" status="PASS">
          <reporter-output>
          </reporter-output>
        </test-method> <!-- stopExecution -->
        <test-method is-config="true" signature="openAmazon()[pri:0, instance:testNGPackage.TNG_10RandomAmazonScript@5158b42f]" started-at="2025-06-01T21:07:32 IST" name="openAmazon" finished-at="2025-06-01T21:07:33 IST" duration-ms="1932" status="PASS">
          <reporter-output>
          </reporter-output>
        </test-method> <!-- openAmazon -->
        <test-method signature="testElectronicsLink()[pri:3, instance:testNGPackage.TNG_10RandomAmazonScript@5158b42f]" started-at="2025-06-01T21:07:33 IST" name="testElectronicsLink" finished-at="2025-06-01T21:07:39 IST" duration-ms="6004" status="PASS">
          <reporter-output>
          </reporter-output>
        </test-method> <!-- testElectronicsLink -->
        <test-method is-config="true" signature="openAmazon()[pri:0, instance:testNGPackage.TNG_10RandomAmazonScript@5158b42f]" started-at="2025-06-01T21:07:39 IST" name="openAmazon" finished-at="2025-06-01T21:07:40 IST" duration-ms="896" status="PASS">
          <reporter-output>
          </reporter-output>
        </test-method> <!-- openAmazon -->
        <test-method is-config="true" signature="stopExecution()[pri:0, instance:testNGPackage.TNG_10RandomAmazonScript@5158b42f]" started-at="2025-06-01T21:07:39 IST" name="stopExecution" finished-at="2025-06-01T21:07:39 IST" duration-ms="0" status="PASS">
          <reporter-output>
          </reporter-output>
        </test-method> <!-- stopExecution -->
        <test-method signature="testMobilesLink()[pri:4, instance:testNGPackage.TNG_10RandomAmazonScript@5158b42f]" started-at="2025-06-01T21:07:40 IST" name="testMobilesLink" finished-at="2025-06-01T21:07:53 IST" duration-ms="12428" status="PASS">
          <reporter-output>
          </reporter-output>
        </test-method> <!-- testMobilesLink -->
        <test-method is-config="true" signature="stopExecution()[pri:0, instance:testNGPackage.TNG_10RandomAmazonScript@5158b42f]" started-at="2025-06-01T21:07:53 IST" name="stopExecution" finished-at="2025-06-01T21:07:53 IST" duration-ms="1" status="PASS">
          <reporter-output>
          </reporter-output>
        </test-method> <!-- stopExecution -->
        <test-method is-config="true" signature="closeBrowser()[pri:0, instance:testNGPackage.TNG_10RandomAmazonScript@5158b42f]" started-at="2025-06-01T21:07:53 IST" name="closeBrowser" finished-at="2025-06-01T21:07:53 IST" duration-ms="208" status="PASS">
          <reporter-output>
          </reporter-output>
        </test-method> <!-- closeBrowser -->
      </class> <!-- testNGPackage.TNG_10RandomAmazonScript -->
    </test> <!-- Default test -->
  </suite> <!-- Default suite -->
</testng-results>
