<?xml version="1.0" encoding="UTF-8"?>
<testng-results ignored="0" total="1" passed="1" failed="0" skipped="0">
  <reporter-output>
  </reporter-output>
  <suite started-at="2025-06-17T03:06:51 IST" name="Default suite" finished-at="2025-06-17T03:06:52 IST" duration-ms="1177">
    <groups>
    </groups>
    <test started-at="2025-06-17T03:06:51 IST" name="Default test" finished-at="2025-06-17T03:06:52 IST" duration-ms="1177">
      <class name="authenticationType.BearerTokenAuthentication">
        <test-method signature="bearerTokenTest()[pri:0, instance:authenticationType.BearerTokenAuthentication@63021689]" started-at="2025-06-17T03:06:51 IST" name="bearerTokenTest" finished-at="2025-06-17T03:06:52 IST" duration-ms="1164" status="PASS">
          <reporter-output>
          </reporter-output>
        </test-method> <!-- bearerTokenTest -->
      </class> <!-- authenticationType.BearerTokenAuthentication -->
    </test> <!-- Default test -->
  </suite> <!-- Default suite -->
</testng-results>
