<?xml version="1.0" encoding="UTF-8"?>
<!-- Generated by org.testng.reporters.JUnitXMLReporter -->
<testsuite ignored="2" hostname="Aruns-MacBook-Air.local" failures="0" tests="2" name="MyTest" time="12.873" errors="0" timestamp="2025-05-30T21:12:27 IST">
  <testcase classname="testNGPackage.TNG_10RandomAmazonScript" name="testSellLink" time="5.815"/>
  <testcase classname="testNGPackage.TNG_10RandomAmazonScript" name="testElectronicsLink" time="4.345"/>
  <testcase classname="testNGPackage.TNG_10RandomAmazonScript" name="testBestSellerLink" time="0.0">
    <ignored/>
  </testcase> <!-- testBestSellerLink -->
  <testcase classname="testNGPackage.TNG_10RandomAmazonScript" name="testMobilesLink" time="0.0">
    <ignored/>
  </testcase> <!-- testMobilesLink -->
</testsuite> <!-- MyTest -->
